-------------------------------------------------------------------------------
Test set: TestSuite
-------------------------------------------------------------------------------
Tests run: 3, Failures: 1, Errors: 0, Skipped: 0, Time elapsed: 84.814 s <<< FAILURE! - in TestSuite
feature(bdd.runners.RunnerClass)  Time elapsed: 20.5 s  <<< FAILURE!
cucumber.runtime.CucumberException: junit.framework.ComparisonFailure: expected:<$[0.0]0> but was:<$[1.8]0>
Caused by: junit.framework.ComparisonFailure: expected:<$[0.0]0> but was:<$[1.8]0>

