<?xml version="1.0" encoding="UTF-8"?>
<testsuite xmlns:xsi="http://www.w3.org/2001/XMLSchema-instance" xsi:noNamespaceSchemaLocation="https://maven.apache.org/surefire/maven-surefire-plugin/xsd/surefire-test-report.xsd" name="TestSuite" time="84.814" tests="3" errors="0" skipped="0" failures="1">
  <properties>
[...]
</properties>
  <testcase name="feature" classname="bdd.runners.RunnerClass" time="29.627"/>
  <testcase name="feature" classname="bdd.runners.RunnerClass" time="29.159"/>
  <testcase name="feature" classname="bdd.runners.RunnerClass" time="20.5">
    <failure message="junit.framework.ComparisonFailure: expected:&lt;$[0.0]0&gt; but was:&lt;$[1.8]0&gt;" type="cucumber.runtime.CucumberException"><![CDATA[cucumber.runtime.CucumberException: junit.framework.ComparisonFailure: expected:<$[0.0]0> but was:<$[1.8]0>
Caused by: junit.framework.ComparisonFailure: expected:<$[0.0]0> but was:<$[1.8]0>
]]></failure>
    <system-out><![CDATA[@usps @regression
Feature: Users ability to calculate a shiping price

  Scenario Outline: User should able to calculate using calculate a price feature # 03.UspsCalculateAPrice.feature:3
    Given Navigate to USPS.com home page
    When Hover over mail & ship and click on Calculate a price
    And Click on calculate postcard price
    And Fill with "<Small>" and "<Large>" quantities and click on calculate
    Then Varify the total price is correct

    Examples: 
>> Initializing Chrome Driver
User should able to calculate using calculate a price feature
----------

  @regression @usps
  Scenario Outline: User should able to calculate using calculate a price feature # 03.UspsCalculateAPrice.feature:13
    Given Navigate to USPS.com home page                                          # UspsCalculatePriceSteps.navigate_to_USPS_com_home_page()
    When Hover over mail & ship and click on Calculate a price                    # UspsCalculatePriceSteps.hover_over_mail_ship_and_click_on_Calculate_a_price()
    And Click on calculate postcard price                                         # UspsCalculatePriceSteps.click_on_calculate_postcard_price()
    And Fill with "2" and "2" quantities and click on calculate                   # UspsCalculatePriceSteps.fill_with_and_quantities_and_click_on_calculate(String,String)
    Then Varify the total price is correct                                        # UspsCalculatePriceSteps.varify_the_total_price_is_correct()
      junit.framework.ComparisonFailure: expected:<$[0.0]0> but was:<$[1.8]0>
      	at junit.framework.Assert.assertEquals(Assert.java:85)
      	at junit.framework.Assert.assertEquals(Assert.java:91)
      	at bdd.usps.PageActions.UspsCalculatePriceActions.verifyTotalPrice(UspsCalculatePriceActions.java:49)
      	at bdd.usps.stepDef.UspsCalculatePriceSteps.varify_the_total_price_is_correct(UspsCalculatePriceSteps.java:33)
      	at ?.Then Varify the total price is correct(03.UspsCalculateAPrice.feature:9)

]]></system-out>
    <system-err><![CDATA[Starting ChromeDriver 84.0.4147.30 (48b3e868b4cc0aa7e8149519690b6f6949e110a8-refs/branch-heads/4147@{#310}) on port 39021
Only local connections are allowed.
Please see https://chromedriver.chromium.org/security-considerations for suggestions on keeping ChromeDriver safe.
ChromeDriver was started successfully.
Aug 05, 2020 10:48:59 PM org.openqa.selenium.remote.ProtocolHandshake createSession
INFO: Detected dialect: W3C
]]></system-err>
  </testcase>
</testsuite>